<?xml version="1.0" encoding="utf-8"?><testsuites name="pytest tests"><testsuite name="pytest" errors="0" failures="0" skipped="0" tests="7" time="5.827" timestamp="2026-05-06T09:46:10.980328+00:00" hostname="agent-env-df1feb62-eaa3-4247-b475-900b4e3e71e1"><testcase classname="backend.tests.test_iteration4.TestKeyMode" name="test_seeded_user_is_password_mode" time="0.551" /><testcase classname="backend.tests.test_iteration4.TestKeyMode" name="test_register_phrase_mode_has_null_publickey" time="0.499" /><testcase classname="backend.tests.test_iteration4.TestKeyMode" name="test_upload_pubkey_reflects_in_me" time="0.538" /><testcase classname="backend.tests.test_iteration4.TestLogoutAllOther" name="test_logout_all_other_revokes_old_token" time="0.877" /><testcase classname="backend.tests.test_iteration4.TestResetPassword" name="test_reset_revokes_old_token" time="0.970" /><testcase classname="backend.tests.test_iteration4.TestResetPassword" name="test_reset_preserves_pubkey_for_phrase_mode" time="1.218" /><testcase classname="backend.tests.test_iteration4.TestResetPassword" name="test_reset_rotates_pubkey_for_password_mode" time="1.112" /></testsuite></testsuites>