<?xml version="1.0" encoding="utf-8"?><testsuites name="pytest tests"><testsuite name="pytest" errors="0" failures="2" skipped="0" tests="20" time="10.421" timestamp="2026-05-06T08:44:11.409017+00:00" hostname="agent-env-df1feb62-eaa3-4247-b475-900b4e3e71e1"><testcase classname="tests.test_silent_signal.TestAuth" name="test_me" time="0.507" /><testcase classname="tests.test_silent_signal.TestPublicKey" name="test_put_public_key" time="0.376" /><testcase classname="tests.test_silent_signal.TestLockout" name="test_lockout_after_5_fails" time="2.343"><failure message="AssertionError: expected 429, got 200: {&quot;user&quot;:{&quot;id&quot;:&quot;69faff5c4eab6b7fe20f3945&quot;,&quot;email&quot;:&quot;lockout_f84c79@silent.app&quot;,&quot;name&quot;:&quot;T&quot;,&quot;phone&quot;:null,&quot;publicKey&quot;:&quot;o8Hixc0EC6eUT91fR8an0Aco56qNl/iSvj0CkiLrsSc=&quot;,&quot;role&quot;:&quot;user&quot;,&quot;created_at&quot;:&quot;2026-05-06T08:44:12.756000&quot;},&quot;access_token&quot;:&quot;eyJhbGciOiJIUzI1NiIsInR5cCI6IkpXVCJ9.eyJzdWIiOiI2OWZhZmY1YzRlYWI2YjdmZTIwZjM5NDUiLCJlbWFpbCI6ImxvY2tvdXRfZjg0Yzc5QHNpbGVudC5hcHAiLCJleHAiOjE3Nzg2NjE4NTQsInR5cGUiOiJhY2Nlc3MifQ.IubYa7kWrvXUu4lDChJ6CVJVWr9LI4Uc2T-hhIZH1cc&quot;}&#10;assert 200 == 429&#10; +  where 200 = &lt;Response [200]&gt;.status_code">E   AssertionError: expected 429, got 200: {"user":{"id":"69faff5c4eab6b7fe20f3945","email":"lockout_f84c79@silent.app","name":"T","phone":null,"publicKey":"o8Hixc0EC6eUT91fR8an0Aco56qNl/iSvj0CkiLrsSc=","role":"user","created_at":"2026-05-06T08:44:12.756000"},"access_token":"eyJhbGciOiJIUzI1NiIsInR5cCI6IkpXVCJ9.eyJzdWIiOiI2OWZhZmY1YzRlYWI2YjdmZTIwZjM5NDUiLCJlbWFpbCI6ImxvY2tvdXRfZjg0Yzc5QHNpbGVudC5hcHAiLCJleHAiOjE3Nzg2NjE4NTQsInR5cGUiOiJhY2Nlc3MifQ.IubYa7kWrvXUu4lDChJ6CVJVWr9LI4Uc2T-hhIZH1cc"}
    assert 200 == 429
     +  where 200 = &lt;Response [200]&gt;.status_code</failure></testcase><testcase classname="tests.test_silent_signal.TestLockout" name="test_clear_after_success_then_login" time="3.402" /><testcase classname="tests.test_silent_signal.TestSearchEscape" name="test_search_does_not_500[maya]" time="0.100" /><testcase classname="tests.test_silent_signal.TestSearchEscape" name="test_search_does_not_500[.*]" time="0.150" /><testcase classname="tests.test_silent_signal.TestSearchEscape" name="test_search_does_not_500[+155]" time="0.107" /><testcase classname="tests.test_silent_signal.TestSearchEscape" name="test_search_does_not_500[[a-z]]" time="0.119" /><testcase classname="tests.test_silent_signal.TestSearchEscape" name="test_search_does_not_500[(]" time="0.155" /><testcase classname="tests.test_silent_signal.TestSearchEscape" name="test_search_does_not_500[*]" time="0.122" /><testcase classname="tests.test_silent_signal.TestSearchEscape" name="test_search_does_not_500[\\]" time="0.107" /><testcase classname="tests.test_silent_signal.TestSearchEscape" name="test_search_does_not_500[.]" time="0.106" /><testcase classname="tests.test_silent_signal.TestSearchEscape" name="test_search_finds_maya" time="0.140" /><testcase classname="tests.test_silent_signal.TestRoomMembersPubkey" name="test_members_have_pubkeys" time="0.210"><failure message="AssertionError: member TEST Join missing publicKey&#10;assert None&#10; +  where None = &lt;built-in method get of dict object at 0xfa54836c4140&gt;('publicKey')&#10; +    where &lt;built-in method get of dict object at 0xfa54836c4140&gt; = {'email': 'join_527384@silent.app', 'id': '69fa88d754ad391603fbefc5', 'name': 'TEST Join', 'phone': None, ...}.get">E   AssertionError: member TEST Join missing publicKey
    assert None
     +  where None = &lt;built-in method get of dict object at 0xfa54836c4140&gt;('publicKey')
     +    where &lt;built-in method get of dict object at 0xfa54836c4140&gt; = {'email': 'join_527384@silent.app', 'id': '69fa88d754ad391603fbefc5', 'name': 'TEST Join', 'phone': None, ...}.get</failure></testcase><testcase classname="tests.test_silent_signal.TestMessages" name="test_send_and_get_returns_only_my_slice" time="0.775" /><testcase classname="tests.test_silent_signal.TestMessages" name="test_400_when_sender_slice_missing" time="0.325" /><testcase classname="tests.test_silent_signal.TestWebSocket" name="test_bad_token_closes" time="0.218" /><testcase classname="tests.test_silent_signal.TestWebSocket" name="test_no_token_closes" time="0.135" /><testcase classname="tests.test_silent_signal.TestWebSocket" name="test_hello_and_pong" time="0.280" /><testcase classname="tests.test_silent_signal.TestWebSocket" name="test_broadcast_on_message" time="0.571" /></testsuite></testsuites>