<?xml version="1.0" encoding="utf-8"?><testsuites name="pytest tests"><testsuite name="pytest" errors="0" failures="0" skipped="0" tests="15" time="4.158" timestamp="2026-05-06T00:18:28.518437+00:00" hostname="agent-env-df1feb62-eaa3-4247-b475-900b4e3e71e1"><testcase classname="tests.test_silent_signal.TestAuth" name="test_login_bad_password" time="0.584" /><testcase classname="tests.test_silent_signal.TestAuth" name="test_me_no_token" time="0.150" /><testcase classname="tests.test_silent_signal.TestAuth" name="test_me_with_token" time="0.454" /><testcase classname="tests.test_silent_signal.TestAuth" name="test_register_duplicate" time="0.106" /><testcase classname="tests.test_silent_signal.TestAuth" name="test_register_new_user" time="0.338" /><testcase classname="tests.test_silent_signal.TestFriends" name="test_friends_list_alex" time="0.153" /><testcase classname="tests.test_silent_signal.TestFriends" name="test_friends_search" time="0.135" /><testcase classname="tests.test_silent_signal.TestRooms" name="test_rooms_list" time="0.105" /><testcase classname="tests.test_silent_signal.TestRooms" name="test_get_room" time="0.408" /><testcase classname="tests.test_silent_signal.TestRooms" name="test_create_group" time="0.107" /><testcase classname="tests.test_silent_signal.TestRooms" name="test_join_with_invite" time="0.445" /><testcase classname="tests.test_silent_signal.TestMessages" name="test_list_messages" time="0.278" /><testcase classname="tests.test_silent_signal.TestMessages" name="test_send_message_and_persist" time="0.393" /><testcase classname="tests.test_silent_signal.TestMessages" name="test_send_ephemeral" time="0.233" /><testcase classname="tests.test_silent_signal.TestProfile" name="test_update_profile" time="0.102" /></testsuite></testsuites>